<?xml version="1.0" encoding="UTF-8"?>
<testng-results skipped="0" failed="1" ignored="0" total="1" passed="0">
  <reporter-output>
  </reporter-output>
  <suite name="coteafs-appium Test Suite" duration-ms="36065" started-at="2019-10-15T14:19:47Z" finished-at="2019-10-15T14:20:23Z">
    <groups>
    </groups>
    <test name="Android Test" duration-ms="36065" started-at="2019-10-15T14:19:47Z" finished-at="2019-10-15T14:20:23Z">
      <class name="com.jtv.tests.getStartedTest">
        <test-method status="PASS" signature="setupTest(java.lang.String, java.lang.String)[pri:0, instance:com.jtv.tests.getStartedTest@13fee20c]" name="setupTest" is-config="true" duration-ms="30264" started-at="2019-10-15T10:19:47Z" finished-at="2019-10-15T10:20:17Z">
          <params>
            <param index="0">
              <value>
                <![CDATA[android]]>
              </value>
            </param>
            <param index="1">
              <value>
                <![CDATA[test_local]]>
              </value>
            </param>
          </params>
          <reporter-output>
          </reporter-output>
        </test-method> <!-- setupTest -->
        <test-method status="PASS" signature="setupMethod()[pri:0, instance:com.jtv.tests.getStartedTest@13fee20c]" name="setupMethod" is-config="true" duration-ms="1" started-at="2019-10-15T10:20:17Z" finished-at="2019-10-15T10:20:17Z">
          <reporter-output>
          </reporter-output>
        </test-method> <!-- setupMethod -->
        <test-method status="FAIL" signature="testGetStarted()[pri:0, instance:com.jtv.tests.getStartedTest@13fee20c]" name="testGetStarted" duration-ms="991" started-at="2019-10-15T10:20:17Z" finished-at="2019-10-15T10:20:18Z">
          <exception class="com.github.wasiqb.coteafs.appium.error.DeviceElementNameNotFoundError">
            <message>
              <![CDATA[DeviceElement with name [GetStarted] not found.]]>
            </message>
            <full-stacktrace>
              <![CDATA[com.github.wasiqb.coteafs.appium.error.DeviceElementNameNotFoundError: DeviceElement with name [GetStarted] not found.
	at sun.reflect.NativeConstructorAccessorImpl.newInstance0(Native Method)
	at sun.reflect.NativeConstructorAccessorImpl.newInstance(NativeConstructorAccessorImpl.java:62)
	at sun.reflect.DelegatingConstructorAccessorImpl.newInstance(DelegatingConstructorAccessorImpl.java:45)
	at java.lang.reflect.Constructor.newInstance(Constructor.java:423)
	at com.github.wasiqb.coteafs.error.util.ErrorUtil.fail(ErrorUtil.java:102)
	at com.github.wasiqb.coteafs.error.util.ErrorUtil.fail(ErrorUtil.java:70)
	at com.github.wasiqb.coteafs.appium.utils.ErrorUtils.fail(ErrorUtils.java:53)
	at com.github.wasiqb.coteafs.appium.utils.ErrorUtils.fail(ErrorUtils.java:40)
	at com.github.wasiqb.coteafs.appium.device.DeviceActivity.getDeviceElement(DeviceActivity.java:211)
	at com.github.wasiqb.coteafs.appium.device.DeviceActivity.getElement(DeviceActivity.java:99)
	at com.github.wasiqb.coteafs.appium.android.AndroidActivity.onElement(AndroidActivity.java:68)
	at com.jtv.tests.getStartedTest.testGetStarted(getStartedTest.java:33)
	at sun.reflect.NativeMethodAccessorImpl.invoke0(Native Method)
	at sun.reflect.NativeMethodAccessorImpl.invoke(NativeMethodAccessorImpl.java:62)
	at sun.reflect.DelegatingMethodAccessorImpl.invoke(DelegatingMethodAccessorImpl.java:43)
	at java.lang.reflect.Method.invoke(Method.java:498)
	at org.testng.internal.MethodInvocationHelper.invokeMethod(MethodInvocationHelper.java:108)
	at org.testng.internal.Invoker.invokeMethod(Invoker.java:661)
	at org.testng.internal.Invoker.invokeTestMethod(Invoker.java:869)
	at org.testng.internal.Invoker.invokeTestMethods(Invoker.java:1193)
	at org.testng.internal.TestMethodWorker.invokeTestMethods(TestMethodWorker.java:126)
	at org.testng.internal.TestMethodWorker.run(TestMethodWorker.java:109)
	at org.testng.TestRunner.privateRun(TestRunner.java:744)
	at org.testng.TestRunner.run(TestRunner.java:602)
	at org.testng.SuiteRunner.runTest(SuiteRunner.java:380)
	at org.testng.SuiteRunner.runSequentially(SuiteRunner.java:375)
	at org.testng.SuiteRunner.privateRun(SuiteRunner.java:340)
	at org.testng.SuiteRunner.run(SuiteRunner.java:289)
	at org.testng.SuiteRunnerWorker.runSuite(SuiteRunnerWorker.java:52)
	at org.testng.SuiteRunnerWorker.run(SuiteRunnerWorker.java:86)
	at org.testng.TestNG.runSuitesSequentially(TestNG.java:1301)
	at org.testng.TestNG.runSuitesLocally(TestNG.java:1226)
	at org.testng.TestNG.runSuites(TestNG.java:1144)
	at org.testng.TestNG.run(TestNG.java:1115)
	at org.apache.maven.surefire.testng.TestNGExecutor.run(TestNGExecutor.java:178)
	at org.apache.maven.surefire.testng.TestNGXmlTestSuite.execute(TestNGXmlTestSuite.java:92)
	at org.apache.maven.surefire.testng.TestNGProvider.invoke(TestNGProvider.java:96)
	at sun.reflect.NativeMethodAccessorImpl.invoke0(Native Method)
	at sun.reflect.NativeMethodAccessorImpl.invoke(NativeMethodAccessorImpl.java:62)
	at sun.reflect.DelegatingMethodAccessorImpl.invoke(DelegatingMethodAccessorImpl.java:43)
	at java.lang.reflect.Method.invoke(Method.java:498)
	at org.apache.maven.surefire.util.ReflectionUtils.invokeMethodWithArray2(ReflectionUtils.java:208)
	at org.apache.maven.surefire.booter.ProviderFactory$ProviderProxy.invoke(ProviderFactory.java:159)
	at org.apache.maven.surefire.booter.ProviderFactory.invokeProvider(ProviderFactory.java:87)
	at org.apache.maven.surefire.booter.ForkedBooter.runSuitesInProcess(ForkedBooter.java:153)
	at org.apache.maven.surefire.booter.ForkedBooter.main(ForkedBooter.java:95)
]]>
            </full-stacktrace>
          </exception> <!-- com.github.wasiqb.coteafs.appium.error.DeviceElementNameNotFoundError -->
          <reporter-output>
          </reporter-output>
        </test-method> <!-- testGetStarted -->
        <test-method status="PASS" signature="teardownMethod()[pri:0, instance:com.jtv.tests.getStartedTest@13fee20c]" name="teardownMethod" is-config="true" duration-ms="1" started-at="2019-10-15T10:20:18Z" finished-at="2019-10-15T10:20:18Z">
          <reporter-output>
          </reporter-output>
        </test-method> <!-- teardownMethod -->
        <test-method status="PASS" signature="tearDownTest()[pri:0, instance:com.jtv.tests.getStartedTest@13fee20c]" name="tearDownTest" is-config="true" duration-ms="4797" started-at="2019-10-15T10:20:18Z" finished-at="2019-10-15T10:20:23Z">
          <reporter-output>
          </reporter-output>
        </test-method> <!-- tearDownTest -->
      </class> <!-- com.jtv.tests.getStartedTest -->
    </test> <!-- Android Test -->
  </suite> <!-- coteafs-appium Test Suite -->
</testng-results>
