<?xml version="1.0" encoding="UTF-8"?>
<testsuite name="TestSuite" time="0.994" tests="1" errors="0" skipped="0" failures="1">
  <properties>
[...]
</properties>
  <testcase name="testGetStarted" classname="com.jtv.tests.getStartedTest" time="0.994">
    <failure message="DeviceElement with name [GetStarted] not found." type="com.github.wasiqb.coteafs.appium.error.DeviceElementNameNotFoundError">com.github.wasiqb.coteafs.appium.error.DeviceElementNameNotFoundError: DeviceElement with name [GetStarted] not found.
	at sun.reflect.NativeConstructorAccessorImpl.newInstance0(Native Method)
	at sun.reflect.NativeConstructorAccessorImpl.newInstance(NativeConstructorAccessorImpl.java:62)
	at sun.reflect.DelegatingConstructorAccessorImpl.newInstance(DelegatingConstructorAccessorImpl.java:45)
	at java.lang.reflect.Constructor.newInstance(Constructor.java:423)
	at com.github.wasiqb.coteafs.error.util.ErrorUtil.fail(ErrorUtil.java:102)
	at com.github.wasiqb.coteafs.error.util.ErrorUtil.fail(ErrorUtil.java:70)
	at com.github.wasiqb.coteafs.appium.utils.ErrorUtils.fail(ErrorUtils.java:53)
	at com.github.wasiqb.coteafs.appium.utils.ErrorUtils.fail(ErrorUtils.java:40)
	at com.github.wasiqb.coteafs.appium.device.DeviceActivity.getDeviceElement(DeviceActivity.java:211)
	at com.github.wasiqb.coteafs.appium.device.DeviceActivity.getElement(DeviceActivity.java:99)
	at com.github.wasiqb.coteafs.appium.android.AndroidActivity.onElement(AndroidActivity.java:68)
	at com.jtv.tests.getStartedTest.testGetStarted(getStartedTest.java:33)
</failure>
    <system-out><![CDATA[2019-10-15 10:19:48:189 - &amp#27;[35m[Appium]&amp#27;[39m Welcome to Appium v1.14.1
2019-10-15 10:19:48:192 - &amp#27;[35m[Appium]&amp#27;[39m Non-default server args:
2019-10-15 10:19:48:193 - &amp#27;[35m[Appium]&amp#27;[39m   port: 4724
2019-10-15 10:19:48:193 - &amp#27;[35m[Appium]&amp#27;[39m   sessionOverride: true
2019-10-15 10:19:48:193 - &amp#27;[35m[Appium]&amp#27;[39m   logFile: /Users/sedmad1/Documents/WS/AppiumPOC/logs/server-2.log
2019-10-15 10:19:48:193 - &amp#27;[35m[Appium]&amp#27;[39m   logTimestamp: true
2019-10-15 10:19:48:194 - &amp#27;[35m[Appium]&amp#27;[39m   localTimezone: true
2019-10-15 10:19:48:194 - &amp#27;[35m[Appium]&amp#27;[39m   suppressKillServer: true
2019-10-15 10:19:48:194 - &amp#27;[35m[Appium]&amp#27;[39m   defaultCapabilities: {
2019-10-15 10:19:48:194 - &amp#27;[35m[Appium]&amp#27;[39m     fullReset: false
2019-10-15 10:19:48:194 - &amp#27;[35m[Appium]&amp#27;[39m     newCommandTimeout: 120
2019-10-15 10:19:48:194 - &amp#27;[35m[Appium]&amp#27;[39m     noReset: false
2019-10-15 10:19:48:195 - &amp#27;[35m[Appium]&amp#27;[39m   }
2019-10-15 10:19:48:195 - &amp#27;[35m[Appium]&amp#27;[39m Default capabilities, which will be added to each request unless overridden by desired capabilities:
2019-10-15 10:19:48:195 - &amp#27;[35m[Appium]&amp#27;[39m   fullReset: false
2019-10-15 10:19:48:195 - &amp#27;[35m[Appium]&amp#27;[39m   newCommandTimeout: 120
2019-10-15 10:19:48:195 - &amp#27;[35m[Appium]&amp#27;[39m   noReset: false
2019-10-15 10:19:48:223 - &amp#27;[35m[Appium]&amp#27;[39m Appium REST http interface listener started on 0.0.0.0:4724
2019-10-15 10:19:48:504 - &amp#27;[35m[HTTP]&amp#27;[39m &amp#27;[37m-->&amp#27;[39m &amp#27;[37mGET&amp#27;[39m &amp#27;[37m/wd/hub/status&amp#27;[39m
2019-10-15 10:19:48:504 - &amp#27;[35m[HTTP]&amp#27;[39m &amp#27;[90m{}&amp#27;[39m
2019-10-15 10:19:48:506 - [debug] &amp#27;[35m[GENERIC]&amp#27;[39m Calling AppiumDriver.getStatus() with args: []
2019-10-15 10:19:48:507 - [debug] &amp#27;[35m[GENERIC]&amp#27;[39m Responding to client with driver.getStatus() result: {"build":{"version":"1.14.1"}}
2019-10-15 10:19:48:511 - &amp#27;[35m[HTTP]&amp#27;[39m &amp#27;[37m<-- GET /wd/hub/status &amp#27;[39m&amp#27;[32m200&amp#27;[39m &amp#27;[90m5 ms - 68&amp#27;[39m
2019-10-15 10:19:48:512 - &amp#27;[35m[HTTP]&amp#27;[39m &amp#27;[90m&amp#27;[39m
2019-10-15 10:19:48:874 - &amp#27;[35m[HTTP]&amp#27;[39m &amp#27;[37m-->&amp#27;[39m &amp#27;[37mPOST&amp#27;[39m &amp#27;[37m/wd/hub/session&amp#27;[39m
2019-10-15 10:19:48:875 - &amp#27;[35m[HTTP]&amp#27;[39m &amp#27;[90m{"desiredCapabilities":{"app":"/Users/sedmad1/Documents/WS/AppiumPOC/src/test/resources/apps/android/JTV_Go-ProdRelease-v2.4.0.apk","appPackage":"com.jtv.staging","clearSystemFiles":true,"noReset":false,"deviceName":"98892a383146365553","fullReset":true,"appWaitDuration":0,"appActivity":"com.jtv.activity.SplashActivity","androidInstallTimeout":0,"newCommandTimeout":120000,"automationName":"Appium","autoGrantPermissions":false,"eventTimings":false,"platformName":"Android"},"capabilities":{"firstMatch":[{"appium:androidInstallTimeout":0,"appium:app":"/Users/sedmad1/Documents/WS/AppiumPOC/src/test/resources/apps/android/JTV_Go-ProdRelease-v2.4.0.apk","appium:appActivity":"com.jtv.activity.SplashActivity","appium:appPackage":"com.jtv.staging","appium:appWaitDuration":0,"appium:autoGrantPermissions":false,"appium:automationName":"Appium","appium:clearSystemFiles":true,"appium:deviceName":"98892a383146365553","appium:eventTimings":false,"appium:fullReset":true,"appium:newCommandTimeout":1200&amp#27;[39m
2019-10-15 10:19:48:875 - [debug] &amp#27;[35m[W3C]&amp#27;[39m Calling AppiumDriver.createSession() with args: [{"app":"/Users/sedmad1/Documents/WS/AppiumPOC/src/test/resources/apps/android/JTV_Go-ProdRelease-v2.4.0.apk","appPackage":"com.jtv.staging","clearSystemFiles":true,"noReset":false,"deviceName":"98892a383146365553","fullReset":true,"appWaitDuration":0,"appActivity":"com.jtv.activity.SplashActivity","androidInstallTimeout":0,"newCommandTimeout":120000,"automationName":"Appium","autoGrantPermissions":false,"eventTimings":false,"platformName":"Android"},null,{"firstMatch":[{"appium:androidInstallTimeout":0,"appium:app":"/Users/sedmad1/Documents/WS/AppiumPOC/src/test/resources/apps/android/JTV_Go-ProdRelease-v2.4.0.apk","appium:appActivity":"com.jtv.activity.SplashActivity","appium:appPackage":"com.jtv.staging","appium:appWaitDuration":0,"appium:autoGrantPermissions":false,"appium:automationName":"Appium","appium:clearSystemFiles":true,"appium:deviceName":"98892a383146365553","appium:eventTimings":false,"appium:fullReset":true,"appium:newCommandTimeout":120000,"appium:noReset":false,"platformName":"android"}]}]
2019-10-15 10:19:48:876 - [debug] &amp#27;[35m[BaseDriver]&amp#27;[39m Event 'newSessionRequested' logged at 1571149188876 (10:19:48 GMT-0400 (Eastern Daylight Time))
2019-10-15 10:19:48:881 - &amp#27;[35m[Appium]&amp#27;[39m 
2019-10-15 10:19:48:881 - &amp#27;[35m[Appium]&amp#27;[39m ======================================================================
2019-10-15 10:19:48:882 - &amp#27;[35m[Appium]&amp#27;[39m   DEPRECATION WARNING:
2019-10-15 10:19:48:882 - &amp#27;[35m[Appium]&amp#27;[39m 
2019-10-15 10:19:48:882 - &amp#27;[35m[Appium]&amp#27;[39m   The 'automationName' capability was not provided in the desired 
2019-10-15 10:19:48:882 - &amp#27;[35m[Appium]&amp#27;[39m   capabilities for this Android session
2019-10-15 10:19:48:882 - &amp#27;[35m[Appium]&amp#27;[39m 
2019-10-15 10:19:48:882 - &amp#27;[35m[Appium]&amp#27;[39m   Setting 'automationName=UiAutomator2' by default and using the 
2019-10-15 10:19:48:883 - &amp#27;[35m[Appium]&amp#27;[39m   UiAutomator2 Driver
2019-10-15 10:19:48:883 - &amp#27;[35m[Appium]&amp#27;[39m 
2019-10-15 10:19:48:883 - &amp#27;[35m[Appium]&amp#27;[39m   The next major version of Appium (2.x) will **require** the 
2019-10-15 10:19:48:883 - &amp#27;[35m[Appium]&amp#27;[39m   'automationName' capability to be set for all sessions on all 
2019-10-15 10:19:48:883 - &amp#27;[35m[Appium]&amp#27;[39m   platforms
2019-10-15 10:19:48:883 - &amp#27;[35m[Appium]&amp#27;[39m 
2019-10-15 10:19:48:883 - &amp#27;[35m[Appium]&amp#27;[39m   In previous versions (Appium <= 1.13.x), the default was 
2019-10-15 10:19:48:884 - &amp#27;[35m[Appium]&amp#27;[39m   'automationName=UiAutomator1'
2019-10-15 10:19:48:884 - &amp#27;[35m[Appium]&amp#27;[39m 
2019-10-15 10:19:48:884 - &amp#27;[35m[Appium]&amp#27;[39m   If you wish to use that automation instead of UiAutomator2, please 
2019-10-15 10:19:48:884 - &amp#27;[35m[Appium]&amp#27;[39m   add 'automationName=UiAutomator1' to your desired capabilities
2019-10-15 10:19:48:885 - &amp#27;[35m[Appium]&amp#27;[39m 
2019-10-15 10:19:48:885 - &amp#27;[35m[Appium]&amp#27;[39m   For more information about drivers, please visit 
2019-10-15 10:19:48:885 - &amp#27;[35m[Appium]&amp#27;[39m   http://appium.io/docs/en/about-appium/intro/ and explore the 
2019-10-15 10:19:48:885 - &amp#27;[35m[Appium]&amp#27;[39m   'Drivers' menu
2019-10-15 10:19:48:885 - &amp#27;[35m[Appium]&amp#27;[39m 
2019-10-15 10:19:48:886 - &amp#27;[35m[Appium]&amp#27;[39m ======================================================================
2019-10-15 10:19:48:886 - &amp#27;[35m[Appium]&amp#27;[39m 
2019-10-15 10:19:48:972 - &amp#27;[35m[Appium]&amp#27;[39m Appium v1.14.1 creating new AndroidUiautomator2Driver (v1.33.1) session
2019-10-15 10:19:48:973 - &amp#27;[35m[Appium]&amp#27;[39m Capabilities:
2019-10-15 10:19:48:973 - &amp#27;[35m[Appium]&amp#27;[39m   platformName: android
2019-10-15 10:19:48:973 - &amp#27;[35m[Appium]&amp#27;[39m   androidInstallTimeout: 0
2019-10-15 10:19:48:973 - &amp#27;[35m[Appium]&amp#27;[39m   app: /Users/sedmad1/Documents/WS/AppiumPOC/src/test/resources/apps/android/JTV_Go-ProdRelease-v2.4.0.apk
2019-10-15 10:19:48:973 - &amp#27;[35m[Appium]&amp#27;[39m   appActivity: com.jtv.activity.SplashActivity
2019-10-15 10:19:48:974 - &amp#27;[35m[Appium]&amp#27;[39m   appPackage: com.jtv.staging
2019-10-15 10:19:48:974 - &amp#27;[35m[Appium]&amp#27;[39m   appWaitDuration: 0
2019-10-15 10:19:48:974 - &amp#27;[35m[Appium]&amp#27;[39m   autoGrantPermissions: false
2019-10-15 10:19:48:974 - &amp#27;[35m[Appium]&amp#27;[39m   automationName: Appium
2019-10-15 10:19:48:974 - &amp#27;[35m[Appium]&amp#27;[39m   clearSystemFiles: true
2019-10-15 10:19:48:975 - &amp#27;[35m[Appium]&amp#27;[39m   deviceName: 98892a383146365553
2019-10-15 10:19:48:975 - &amp#27;[35m[Appium]&amp#27;[39m   eventTimings: false
2019-10-15 10:19:48:975 - &amp#27;[35m[Appium]&amp#27;[39m   fullReset: true
2019-10-15 10:19:48:975 - &amp#27;[35m[Appium]&amp#27;[39m   newCommandTimeout: 120000
2019-10-15 10:19:48:976 - &amp#27;[35m[Appium]&amp#27;[39m   noReset: false
2019-10-15 10:19:48:978 - [debug] &amp#27;[35m[BaseDriver]&amp#27;[39m W3C capabilities {"alwaysMatch":{"platformNa... and MJSONWP desired capabilities {"fullReset":true,"newComma... were provided
2019-10-15 10:19:48:978 - [debug] &amp#27;[35m[BaseDriver]&amp#27;[39m Creating session with W3C capabilities: {"alwaysMatch":{"platformNa...
2019-10-15 10:19:48:983 - &amp#27;[35m[BaseDriver]&amp#27;[39m Session created with session id: 9949800b-43dc-4329-a1d8-77c6520e808a
2019-10-15 10:19:49:000 - &amp#27;[35m[BaseDriver]&amp#27;[39m Using local app '/Users/sedmad1/Documents/WS/AppiumPOC/src/test/resources/apps/android/JTV_Go-ProdRelease-v2.4.0.apk'
2019-10-15 10:19:49:000 - [debug] &amp#27;[35m[UiAutomator2]&amp#27;[39m Checking whether app is actually present
2019-10-15 10:19:49:007 - &amp#27;[35m[ADB]&amp#27;[39m Found 1 'build-tools' folders under '/Users/sedmad1/Library/Android/sdk' (newest first):
2019-10-15 10:19:49:007 - &amp#27;[35m[ADB]&amp#27;[39m     /Users/sedmad1/Library/Android/sdk/build-tools/29.0.2
2019-10-15 10:19:49:007 - &amp#27;[35m[ADB]&amp#27;[39m Using 'adb' from '/Users/sedmad1/Library/Android/sdk/platform-tools/adb'
2019-10-15 10:19:49:007 - &amp#27;[35m[AndroidDriver]&amp#27;[39m Retrieving device list
2019-10-15 10:19:49:008 - [debug] &amp#27;[35m[ADB]&amp#27;[39m Trying to find a connected android device
2019-10-15 10:19:49:008 - [debug] &amp#27;[35m[ADB]&amp#27;[39m Getting connected devices...
2019-10-15 10:19:49:017 - [debug] &amp#27;[35m[ADB]&amp#27;[39m 1 device(s) connected
2019-10-15 10:19:49:017 - &amp#27;[35m[AndroidDriver]&amp#27;[39m Using device: 98892a383146365553
2019-10-15 10:19:49:018 - &amp#27;[35m[ADB]&amp#27;[39m Using 'adb' from '/Users/sedmad1/Library/Android/sdk/platform-tools/adb'
2019-10-15 10:19:49:018 - [debug] &amp#27;[35m[ADB]&amp#27;[39m Setting device id to 98892a383146365553
2019-10-15 10:19:49:019 - [debug] &amp#27;[35m[ADB]&amp#27;[39m Running '/Users/sedmad1/Library/Android/sdk/platform-tools/adb -P 5037 -s 98892a383146365553 shell getprop ro.build.version.sdk'
2019-10-15 10:19:49:100 - [debug] &amp#27;[35m[ADB]&amp#27;[39m Current device property 'ro.build.version.sdk': 28
2019-10-15 10:19:49:101 - [debug] &amp#27;[35m[ADB]&amp#27;[39m Running '/Users/sedmad1/Library/Android/sdk/platform-tools/adb -P 5037 -s 98892a383146365553 shell getprop ro.build.version.release'
2019-10-15 10:19:49:139 - [debug] &amp#27;[35m[ADB]&amp#27;[39m Current device property 'ro.build.version.release': 9
2019-10-15 10:19:49:140 - [debug] &amp#27;[35m[ADB]&amp#27;[39m Device API level: 28
2019-10-15 10:19:49:140 - &amp#27;[35m[UiAutomator2]&amp#27;[39m Relaxing hidden api policy
2019-10-15 10:19:49:141 - [debug] &amp#27;[35m[ADB]&amp#27;[39m Running '/Users/sedmad1/Library/Android/sdk/platform-tools/adb -P 5037 -s 98892a383146365553 shell settings put global hidden_api_policy_pre_p_apps 1'
2019-10-15 10:19:49:256 - [debug] &amp#27;[35m[ADB]&amp#27;[39m Running '/Users/sedmad1/Library/Android/sdk/platform-tools/adb -P 5037 -s 98892a383146365553 shell settings put global hidden_api_policy_p_apps 1'
2019-10-15 10:19:49:331 - [debug] &amp#27;[35m[ADB]&amp#27;[39m Running '/Users/sedmad1/Library/Android/sdk/platform-tools/adb -P 5037 -s 98892a383146365553 shell settings put global hidden_api_policy 1'
2019-10-15 10:19:49:416 - [debug] &amp#27;[35m[ADB]&amp#27;[39m Running '/Users/sedmad1/Library/Android/sdk/platform-tools/adb -P 5037 -s 98892a383146365553 wait-for-device'
2019-10-15 10:19:49:424 - [debug] &amp#27;[35m[ADB]&amp#27;[39m Running '/Users/sedmad1/Library/Android/sdk/platform-tools/adb -P 5037 -s 98892a383146365553 shell echo ping'
2019-10-15 10:19:49:464 - [debug] &amp#27;[35m[AndroidDriver]&amp#27;[39m Pushing settings apk to device...
2019-10-15 10:19:49:465 - [debug] &amp#27;[35m[ADB]&amp#27;[39m Getting install status for io.appium.settings
2019-10-15 10:19:49:466 - [debug] &amp#27;[35m[ADB]&amp#27;[39m Running '/Users/sedmad1/Library/Android/sdk/platform-tools/adb -P 5037 -s 98892a383146365553 shell dumpsys package io.appium.settings'
2019-10-15 10:19:49:553 - [debug] &amp#27;[35m[ADB]&amp#27;[39m 'io.appium.settings' is installed
2019-10-15 10:19:49:554 - [debug] &amp#27;[35m[ADB]&amp#27;[39m Getting package info for 'io.appium.settings'
2019-10-15 10:19:49:555 - [debug] &amp#27;[35m[ADB]&amp#27;[39m Running '/Users/sedmad1/Library/Android/sdk/platform-tools/adb -P 5037 -s 98892a383146365553 shell dumpsys package io.appium.settings'
2019-10-15 10:19:49:631 - &amp#27;[35m[ADB]&amp#27;[39m Using 'aapt' from '/Users/sedmad1/Library/Android/sdk/build-tools/29.0.2/aapt'
2019-10-15 10:19:49:639 - [debug] &amp#27;[35m[ADB]&amp#27;[39m The version name of the installed 'io.appium.settings' is greater or equal to the application version name ('2.14.0' >= '2.14.0')
2019-10-15 10:19:49:640 - [debug] &amp#27;[35m[ADB]&amp#27;[39m There is no need to install/upgrade '/usr/local/lib/node_modules/appium/node_modules/io.appium.settings/apks/settings_apk-debug.apk'
2019-10-15 10:19:49:640 - [debug] &amp#27;[35m[ADB]&amp#27;[39m Getting IDs of all 'io.appium.settings' processes
2019-10-15 10:19:49:641 - [debug] &amp#27;[35m[ADB]&amp#27;[39m Running '/Users/sedmad1/Library/Android/sdk/platform-tools/adb -P 5037 -s 98892a383146365553 shell 'pgrep --help; echo $?''
2019-10-15 10:19:49:713 - [debug] &amp#27;[35m[ADB]&amp#27;[39m Running '/Users/sedmad1/Library/Android/sdk/platform-tools/adb -P 5037 -s 98892a383146365553 shell pgrep -f io\\.appium\\.settings'
2019-10-15 10:19:49:850 - [debug] &amp#27;[35m[AndroidDriver]&amp#27;[39m io.appium.settings is already running. There is no need to reset its permissions.
2019-10-15 10:19:49:851 - [debug] &amp#27;[35m[ADB]&amp#27;[39m Running '/Users/sedmad1/Library/Android/sdk/platform-tools/adb -P 5037 -s 98892a383146365553 shell appops set io.appium.settings android\:mock_location allow'
2019-10-15 10:19:49:943 - [debug] &amp#27;[35m[Logcat]&amp#27;[39m Starting logcat capture
2019-10-15 10:19:50:004 - [debug] &amp#27;[35m[ADB]&amp#27;[39m Getting install status for io.appium.uiautomator2.server
2019-10-15 10:19:50:004 - [debug] &amp#27;[35m[ADB]&amp#27;[39m Running '/Users/sedmad1/Library/Android/sdk/platform-tools/adb -P 5037 -s 98892a383146365553 shell dumpsys package io.appium.uiautomator2.server'
2019-10-15 10:19:50:079 - [debug] &amp#27;[35m[ADB]&amp#27;[39m 'io.appium.uiautomator2.server' is installed
2019-10-15 10:19:50:079 - [debug] &amp#27;[35m[ADB]&amp#27;[39m Getting package info for 'io.appium.uiautomator2.server'
2019-10-15 10:19:50:080 - [debug] &amp#27;[35m[ADB]&amp#27;[39m Running '/Users/sedmad1/Library/Android/sdk/platform-tools/adb -P 5037 -s 98892a383146365553 shell dumpsys package io.appium.uiautomator2.server'
2019-10-15 10:19:50:153 - [debug] &amp#27;[35m[ADB]&amp#27;[39m The version name of the installed 'io.appium.uiautomator2.server' is greater or equal to the application version name ('3.5.1' >= '3.5.1')
2019-10-15 10:19:50:153 - [debug] &amp#27;[35m[UiAutomator2]&amp#27;[39m io.appium.uiautomator2.server installation state: sameVersionInstalled
2019-10-15 10:19:50:154 - [debug] &amp#27;[35m[ADB]&amp#27;[39m Checking app cert for /usr/local/lib/node_modules/appium/node_modules/appium-uiautomator2-server/apks/appium-uiautomator2-server-v3.5.1.apk
2019-10-15 10:19:50:155 - &amp#27;[35m[ADB]&amp#27;[39m Using 'apksigner' from '/Users/sedmad1/Library/Android/sdk/build-tools/29.0.2/apksigner'
2019-10-15 10:19:50:156 - [debug] &amp#27;[35m[ADB]&amp#27;[39m Starting '/Users/sedmad1/Library/Android/sdk/build-tools/29.0.2/apksigner' with args '["verify","--print-certs","/usr/local/lib/node_modules/appium/node_modules/appium-uiautomator2-server/apks/appium-uiautomator2-server-v3.5.1.apk"]'
2019-10-15 10:19:50:522 - [debug] &amp#27;[35m[ADB]&amp#27;[39m apksigner stdout: Signer #1 certificate DN: EMAILADDRESS=android@android.com, CN=Android, OU=Android, O=Android, L=Mountain View, ST=California, C=US
2019-10-15 10:19:50:522 - [debug] &amp#27;[35m[ADB]&amp#27;[39m Signer #1 certificate SHA-256 digest: a40da80a59d170caa950cf15c18c454d47a39b26989d8b640ecd745ba71bf5dc
2019-10-15 10:19:50:522 - [debug] &amp#27;[35m[ADB]&amp#27;[39m Signer #1 certificate SHA-1 digest: 61ed377e85d386a8dfee6b864bd85b0bfaa5af81
2019-10-15 10:19:50:522 - [debug] &amp#27;[35m[ADB]&amp#27;[39m Signer #1 certificate MD5 digest: e89b158e4bcf988ebd09eb83f5378e87
2019-10-15 10:19:50:522 - [debug] &amp#27;[35m[ADB]&amp#27;[39m 
2019-10-15 10:19:50:523 - [debug] &amp#27;[35m[ADB]&amp#27;[39m '/usr/local/lib/node_modules/appium/node_modules/appium-uiautomator2-server/apks/appium-uiautomator2-server-v3.5.1.apk' is already signed.
2019-10-15 10:19:50:523 - [debug] &amp#27;[35m[ADB]&amp#27;[39m Getting install status for io.appium.uiautomator2.server.test
2019-10-15 10:19:50:523 - [debug] &amp#27;[35m[ADB]&amp#27;[39m Running '/Users/sedmad1/Library/Android/sdk/platform-tools/adb -P 5037 -s 98892a383146365553 shell dumpsys package io.appium.uiautomator2.server.test'
2019-10-15 10:19:50:590 - [debug] &amp#27;[35m[ADB]&amp#27;[39m 'io.appium.uiautomator2.server.test' is installed
2019-10-15 10:19:50:591 - [debug] &amp#27;[35m[ADB]&amp#27;[39m Checking app cert for /usr/local/lib/node_modules/appium/node_modules/appium-uiautomator2-server/apks/appium-uiautomator2-server-debug-androidTest.apk
2019-10-15 10:19:50:592 - [debug] &amp#27;[35m[ADB]&amp#27;[39m Starting '/Users/sedmad1/Library/Android/sdk/build-tools/29.0.2/apksigner' with args '["verify","--print-certs","/usr/local/lib/node_modules/appium/node_modules/appium-uiautomator2-server/apks/appium-uiautomator2-server-debug-androidTest.apk"]'
2019-10-15 10:19:50:884 - [debug] &amp#27;[35m[ADB]&amp#27;[39m apksigner stdout: Signer #1 certificate DN: EMAILADDRESS=android@android.com, CN=Android, OU=Android, O=Android, L=Mountain View, ST=California, C=US
2019-10-15 10:19:50:884 - [debug] &amp#27;[35m[ADB]&amp#27;[39m Signer #1 certificate SHA-256 digest: a40da80a59d170caa950cf15c18c454d47a39b26989d8b640ecd745ba71bf5dc
2019-10-15 10:19:50:885 - [debug] &amp#27;[35m[ADB]&amp#27;[39m Signer #1 certificate SHA-1 digest: 61ed377e85d386a8dfee6b864bd85b0bfaa5af81
2019-10-15 10:19:50:885 - [debug] &amp#27;[35m[ADB]&amp#27;[39m Signer #1 certificate MD5 digest: e89b158e4bcf988ebd09eb83f5378e87
2019-10-15 10:19:50:885 - [debug] &amp#27;[35m[ADB]&amp#27;[39m 
2019-10-15 10:19:50:885 - [debug] &amp#27;[35m[ADB]&amp#27;[39m '/usr/local/lib/node_modules/appium/node_modules/appium-uiautomator2-server/apks/appium-uiautomator2-server-debug-androidTest.apk' is already signed.
2019-10-15 10:19:50:885 - &amp#27;[35m[UiAutomator2]&amp#27;[39m Server packages are not going to be (re)installed
2019-10-15 10:19:50:886 - [debug] &amp#27;[35m[UiAutomator2]&amp#27;[39m Waiting up to 30000ms for services to be available
2019-10-15 10:19:50:886 - [debug] &amp#27;[35m[ADB]&amp#27;[39m Running '/Users/sedmad1/Library/Android/sdk/platform-tools/adb -P 5037 -s 98892a383146365553 shell pm list instrumentation'
2019-10-15 10:19:50:974 - [debug] &amp#27;[35m[UiAutomator2]&amp#27;[39m Instrumentation target 'io.appium.uiautomator2.server.test/androidx.test.runner.AndroidJUnitRunner' is available
2019-10-15 10:19:50:975 - [debug] &amp#27;[35m[UiAutomator2]&amp#27;[39m Forwarding UiAutomator2 Server port 6790 to 8200
2019-10-15 10:19:50:975 - [debug] &amp#27;[35m[ADB]&amp#27;[39m Forwarding system: 8200 to device: 6790
2019-10-15 10:19:50:976 - [debug] &amp#27;[35m[ADB]&amp#27;[39m Running '/Users/sedmad1/Library/Android/sdk/platform-tools/adb -P 5037 -s 98892a383146365553 forward tcp\:8200 tcp\:6790'
2019-10-15 10:19:50:983 - [debug] &amp#27;[35m[ADB]&amp#27;[39m Uninstalling com.jtv.staging
2019-10-15 10:19:50:983 - [debug] &amp#27;[35m[ADB]&amp#27;[39m Getting install status for com.jtv.staging
2019-10-15 10:19:50:984 - [debug] &amp#27;[35m[ADB]&amp#27;[39m Running '/Users/sedmad1/Library/Android/sdk/platform-tools/adb -P 5037 -s 98892a383146365553 shell dumpsys package com.jtv.staging'
2019-10-15 10:19:51:062 - [debug] &amp#27;[35m[ADB]&amp#27;[39m 'com.jtv.staging' is not installed
2019-10-15 10:19:51:062 - &amp#27;[35m[ADB]&amp#27;[39m com.jtv.staging was not uninstalled, because it was not present on the device
2019-10-15 10:19:51:063 - [debug] &amp#27;[35m[ADB]&amp#27;[39m Checking app cert for /Users/sedmad1/Documents/WS/AppiumPOC/src/test/resources/apps/android/JTV_Go-ProdRelease-v2.4.0.apk
2019-10-15 10:19:51:063 - [debug] &amp#27;[35m[ADB]&amp#27;[39m Starting '/Users/sedmad1/Library/Android/sdk/build-tools/29.0.2/apksigner' with args '["verify","--print-certs","/Users/sedmad1/Documents/WS/AppiumPOC/src/test/resources/apps/android/JTV_Go-ProdRelease-v2.4.0.apk"]'
2019-10-15 10:19:52:006 - [debug] &amp#27;[35m[ADB]&amp#27;[39m apksigner stdout: Signer #1 certificate DN: EMAILADDRESS=android@android.com, CN=Android, OU=Android, O=Android, L=Mountain View, ST=California, C=US
2019-10-15 10:19:52:007 - [debug] &amp#27;[35m[ADB]&amp#27;[39m Signer #1 certificate SHA-256 digest: a40da80a59d170caa950cf15c18c454d47a39b26989d8b640ecd745ba71bf5dc
2019-10-15 10:19:52:007 - [debug] &amp#27;[35m[ADB]&amp#27;[39m Signer #1 certificate SHA-1 digest: 61ed377e85d386a8dfee6b864bd85b0bfaa5af81
2019-10-15 10:19:52:007 - [debug] &amp#27;[35m[ADB]&amp#27;[39m Signer #1 certificate MD5 digest: e89b158e4bcf988ebd09eb83f5378e87
2019-10-15 10:19:52:007 - [debug] &amp#27;[35m[ADB]&amp#27;[39m 
2019-10-15 10:19:52:008 - [debug] &amp#27;[35m[ADB]&amp#27;[39m '/Users/sedmad1/Documents/WS/AppiumPOC/src/test/resources/apps/android/JTV_Go-ProdRelease-v2.4.0.apk' is already signed.
2019-10-15 10:19:52:008 - [debug] &amp#27;[35m[ADB]&amp#27;[39m Getting install status for com.jtv.staging
2019-10-15 10:19:52:008 - [debug] &amp#27;[35m[ADB]&amp#27;[39m Running '/Users/sedmad1/Library/Android/sdk/platform-tools/adb -P 5037 -s 98892a383146365553 shell dumpsys package com.jtv.staging'
2019-10-15 10:19:52:097 - [debug] &amp#27;[35m[ADB]&amp#27;[39m 'com.jtv.staging' is not installed
2019-10-15 10:19:52:098 - [debug] &amp#27;[35m[AndroidDriver]&amp#27;[39m Running full reset on 'com.jtv.staging' (reinstall)
2019-10-15 10:19:52:122 - [debug] &amp#27;[35m[ADB]&amp#27;[39m Running '/Users/sedmad1/Library/Android/sdk/platform-tools/adb -P 5037 -s 98892a383146365553 shell 'ls -t -1 /data/local/tmp/appium_cache 2>&1 || echo _ERROR_''
2019-10-15 10:19:52:200 - [debug] &amp#27;[35m[ADB]&amp#27;[39m The count of applications in the cache: 4
2019-10-15 10:19:52:201 - &amp#27;[35m[ADB]&amp#27;[39m The application at '/Users/sedmad1/Documents/WS/AppiumPOC/src/test/resources/apps/android/JTV_Go-ProdRelease-v2.4.0.apk' is already cached to '/data/local/tmp/appium_cache/622d2cfc168662f5acdf867a1ad1e5ca927233be.apk'
2019-10-15 10:19:52:202 - [debug] &amp#27;[35m[ADB]&amp#27;[39m Running '/Users/sedmad1/Library/Android/sdk/platform-tools/adb -P 5037 -s 98892a383146365553 shell pm install -r /data/local/tmp/appium_cache/622d2cfc168662f5acdf867a1ad1e5ca927233be.apk'
2019-10-15 10:20:11:190 - &amp#27;[35m[ADB]&amp#27;[39m The installation of 'JTV_Go-ProdRelease-v2.4.0.apk' took 18.988s
2019-10-15 10:20:11:190 - [debug] &amp#27;[35m[ADB]&amp#27;[39m Install command stdout: Success
2019-10-15 10:20:11:191 - [debug] &amp#27;[35m[UiAutomator2]&amp#27;[39m Performing shallow cleanup of automation leftovers
2019-10-15 10:20:11:206 - [debug] &amp#27;[35m[UiAutomator2]&amp#27;[39m No obsolete sessions have been detected (Error: socket hang up)
2019-10-15 10:20:11:206 - [debug] &amp#27;[35m[ADB]&amp#27;[39m Running '/Users/sedmad1/Library/Android/sdk/platform-tools/adb -P 5037 -s 98892a383146365553 shell am force-stop io.appium.uiautomator2.server.test'
2019-10-15 10:20:11:340 - &amp#27;[35m[UiAutomator2]&amp#27;[39m Starting UIAutomator2 server 3.5.1
2019-10-15 10:20:11:340 - &amp#27;[35m[UiAutomator2]&amp#27;[39m Using UIAutomator2 server from '/usr/local/lib/node_modules/appium/node_modules/appium-uiautomator2-server/apks/appium-uiautomator2-server-v3.5.1.apk' and test from '/usr/local/lib/node_modules/appium/node_modules/appium-uiautomator2-server/apks/appium-uiautomator2-server-debug-androidTest.apk'
2019-10-15 10:20:11:340 - &amp#27;[35m[UiAutomator2]&amp#27;[39m Waiting up to 30000ms for UiAutomator2 to be online...
2019-10-15 10:20:11:341 - [debug] &amp#27;[35m[ADB]&amp#27;[39m Creating ADB subprocess with args: ["-P",5037,"-s","98892a383146365553","shell","am","instrument","-w","io.appium.uiautomator2.server.test/androidx.test.runner.AndroidJUnitRunner"]
2019-10-15 10:20:12:348 - [debug] &amp#27;[35m[WD Proxy]&amp#27;[39m Matched '/status' to command name 'getStatus'
2019-10-15 10:20:12:350 - [debug] &amp#27;[35m[WD Proxy]&amp#27;[39m Proxying [GET /status] to [GET http://localhost:8200/wd/hub/status] with no body
2019-10-15 10:20:12:358 - &amp#27;[35m[WD Proxy]&amp#27;[39m Got an unexpected response: {"code":"ECONNRESET"}
2019-10-15 10:20:13:228 - [debug] &amp#27;[35m[Instrumentation]&amp#27;[39m io.appium.uiautomator2.server.test.AppiumUiAutomator2Server:
2019-10-15 10:20:13:360 - [debug] &amp#27;[35m[WD Proxy]&amp#27;[39m Matched '/status' to command name 'getStatus'
2019-10-15 10:20:13:360 - [debug] &amp#27;[35m[WD Proxy]&amp#27;[39m Proxying [GET /status] to [GET http://localhost:8200/wd/hub/status] with no body
2019-10-15 10:20:13:365 - &amp#27;[35m[WD Proxy]&amp#27;[39m Got an unexpected response: {"code":"ECONNRESET"}
2019-10-15 10:20:14:367 - [debug] &amp#27;[35m[WD Proxy]&amp#27;[39m Matched '/status' to command name 'getStatus'
2019-10-15 10:20:14:368 - [debug] &amp#27;[35m[WD Proxy]&amp#27;[39m Proxying [GET /status] to [GET http://localhost:8200/wd/hub/status] with no body
2019-10-15 10:20:14:374 - &amp#27;[35m[WD Proxy]&amp#27;[39m Got an unexpected response: {"code":"ECONNRESET"}
2019-10-15 10:20:15:380 - [debug] &amp#27;[35m[WD Proxy]&amp#27;[39m Matched '/status' to command name 'getStatus'
2019-10-15 10:20:15:381 - [debug] &amp#27;[35m[WD Proxy]&amp#27;[39m Proxying [GET /status] to [GET http://localhost:8200/wd/hub/status] with no body
2019-10-15 10:20:15:476 - [debug] &amp#27;[35m[WD Proxy]&amp#27;[39m Got response with status 200: "{\"sessionId\":\"None\",\"status\":0,\"value\":\"Status Invoked\"}"
2019-10-15 10:20:15:476 - [debug] &amp#27;[35m[WD Proxy]&amp#27;[39m Determined that the downstream protocol for proxy is MJSONWP
2019-10-15 10:20:15:476 - [debug] &amp#27;[35m[UiAutomator2]&amp#27;[39m The initialization of the instrumentation process took 4137ms
2019-10-15 10:20:15:477 - [debug] &amp#27;[35m[WD Proxy]&amp#27;[39m Matched '/session' to command name 'createSession'
2019-10-15 10:20:15:477 - [debug] &amp#27;[35m[WD Proxy]&amp#27;[39m Proxying [POST /session] to [POST http://localhost:8200/wd/hub/session] with body: {"desiredCapabilities":{"platform":"LINUX","webStorageEnabled":false,"takesScreenshot":true,"javascriptEnabled":true,"databaseEnabled":false,"networkConnectionEnabled":true,"locationContextEnabled":false,"warnings":{},"desired":{"platformName":"android","androidInstallTimeout":0,"app":"/Users/sedmad1/Documents/WS/AppiumPOC/src/test/resources/apps/android/JTV_Go-ProdRelease-v2.4.0.apk","appActivity":"com.jtv.activity.SplashActivity","appPackage":"com.jtv.staging","appWaitDuration":0,"autoGrantPermissions":false,"automationName":"Appium","clearSystemFiles":true,"deviceName":"98892a383146365553","eventTimings":false,"fullReset":true,"newCommandTimeout":120000,"noReset":false},"platformName":"android","androidInstallTimeout":0,"app":"/Users/sedmad1/Documents/WS/AppiumPOC/src/test/resources/apps/android/JTV_Go-ProdRelease-v2.4.0.apk","appActivity":"com.jtv.activity.SplashActivity","appPackage":"com.jtv.staging","appWaitDuration":0,"autoGrantPermissions":false,"automationName":"Appium","clearSystemFiles":true,"d...
2019-10-15 10:20:15:553 - [debug] &amp#27;[35m[WD Proxy]&amp#27;[39m Got response with status 200: {"sessionId":"9ef18bef-0001-4232-83f0-2f217e03cbf0","status":0,"value":"Created Session"}
2019-10-15 10:20:15:562 - [debug] &amp#27;[35m[WD Proxy]&amp#27;[39m Proxying [GET /appium/device/info] to [GET http://localhost:8200/wd/hub/session/9ef18bef-0001-4232-83f0-2f217e03cbf0/appium/device/info] with no body
2019-10-15 10:20:15:642 - [debug] &amp#27;[35m[WD Proxy]&amp#27;[39m Got response with status 200: "{\"sessionId\":\"9ef18bef-0001-4232-83f0-2f217e03cbf0\",\"status\":0,\"value\":{\"androidId\":\"6003c0afb8d24b17\",\"manufacturer\":\"samsung\",\"model\":\"SM-G950U1\",\"brand\":\"samsung\",\"apiVersion\":\"28\",\"platformVersion\":\"9\",\"carrierName\":\"AT&T\",\"realDisplaySize\":\"1080x2220\",\"displayDensity\":480,\"networks\":[{\"type\":13,\"typeName\":\"WIFI_P2P\",\"subtype\":0,\"subtypeName\":\"\",\"isConnected\":false,\"detailedState\":\"DISCONNECTED\",\"state\":\"DISCONNECTED\",\"extraInfo\":null,\"isAvailable\":true,\"isFailover\":false,\"isRoaming\":false,\"capabilities\":{\"transportTypes\":\"NET_CAPABILITY_SUPL\",\"networkCapabilities\":\"\",\"linkUpstreamBandwidthKbps\":1048576,\"linkDownBandwidthKbps\":1048576,\"signalStrength\":-2147483648,\"networkSpecifier\":null,\"SSID\":null}},{\"type\":1,\"typeName\":\"WIFI\",\"subtype\":0,\"subtypeName\":\"\",\"isConnected\":true,\"detailedState\":\"CONNECTED\",\"state\":\"CONNECTED\",\"extraInfo\":null,\"isAvailable\":true,\"isFailover\":false,\"isR...
2019-10-15 10:20:15:644 - [debug] &amp#27;[35m[ADB]&amp#27;[39m Running '/Users/sedmad1/Library/Android/sdk/platform-tools/adb -P 5037 -s 98892a383146365553 shell dumpsys window'
2019-10-15 10:20:15:806 - &amp#27;[35m[AndroidDriver]&amp#27;[39m Screen already unlocked, doing nothing
2019-10-15 10:20:15:807 - &amp#27;[35m[UiAutomator2]&amp#27;[39m UiAutomator2 did not start the activity we were waiting for, 'com.jtv.staging/com.jtv.activity.SplashActivity'. Starting it ourselves
2019-10-15 10:20:15:808 - [debug] &amp#27;[35m[ADB]&amp#27;[39m Running '/Users/sedmad1/Library/Android/sdk/platform-tools/adb -P 5037 -s 98892a383146365553 shell am start -W -n com.jtv.staging/com.jtv.activity.SplashActivity -S -a android.intent.action.MAIN -c android.intent.category.LAUNCHER -f 0x10200000'
2019-10-15 10:20:16:995 - [debug] &amp#27;[35m[WD Proxy]&amp#27;[39m Proxying [GET /appium/device/pixel_ratio] to [GET http://localhost:8200/wd/hub/session/9ef18bef-0001-4232-83f0-2f217e03cbf0/appium/device/pixel_ratio] with body: {}
2019-10-15 10:20:17:032 - [debug] &amp#27;[35m[WD Proxy]&amp#27;[39m Got response with status 200: "{\"sessionId\":\"9ef18bef-0001-4232-83f0-2f217e03cbf0\",\"status\":0,\"value\":3}"
2019-10-15 10:20:17:034 - [debug] &amp#27;[35m[WD Proxy]&amp#27;[39m Matched '/appium/device/system_bars' to command name 'getSystemBars'
2019-10-15 10:20:17:034 - [debug] &amp#27;[35m[WD Proxy]&amp#27;[39m Proxying [GET /appium/device/system_bars] to [GET http://localhost:8200/wd/hub/session/9ef18bef-0001-4232-83f0-2f217e03cbf0/appium/device/system_bars] with body: {}
2019-10-15 10:20:17:070 - [debug] &amp#27;[35m[WD Proxy]&amp#27;[39m Got response with status 200: "{\"sessionId\":\"9ef18bef-0001-4232-83f0-2f217e03cbf0\",\"status\":0,\"value\":{\"statusBar\":72}}"
2019-10-15 10:20:17:071 - [debug] &amp#27;[35m[WD Proxy]&amp#27;[39m Matched '/window/current/size' to command name 'getWindowSize'
2019-10-15 10:20:17:072 - [debug] &amp#27;[35m[WD Proxy]&amp#27;[39m Proxying [GET /window/current/size] to [GET http://localhost:8200/wd/hub/session/9ef18bef-0001-4232-83f0-2f217e03cbf0/window/current/size] with body: {}
2019-10-15 10:20:17:103 - [debug] &amp#27;[35m[WD Proxy]&amp#27;[39m Got response with status 200: "{\"sessionId\":\"9ef18bef-0001-4232-83f0-2f217e03cbf0\",\"status\":0,\"value\":{\"height\":2076,\"width\":1080}}"
2019-10-15 10:20:17:104 - &amp#27;[35m[Appium]&amp#27;[39m New AndroidUiautomator2Driver session created successfully, session 9949800b-43dc-4329-a1d8-77c6520e808a added to master session list
2019-10-15 10:20:17:105 - [debug] &amp#27;[35m[BaseDriver]&amp#27;[39m Event 'newSessionStarted' logged at 1571149217105 (10:20:17 GMT-0400 (Eastern Daylight Time))
2019-10-15 10:20:17:106 - [debug] &amp#27;[35m[W3C (9949800b)]&amp#27;[39m Cached the protocol value 'W3C' for the new session 9949800b-43dc-4329-a1d8-77c6520e808a
2019-10-15 10:20:17:106 - [debug] &amp#27;[35m[W3C (9949800b)]&amp#27;[39m Responding to client with driver.createSession() result: {"capabilities":{"platform":"LINUX","webStorageEnabled":false,"takesScreenshot":true,"javascriptEnabled":true,"databaseEnabled":false,"networkConnectionEnabled":true,"locationContextEnabled":false,"warnings":{},"desired":{"platformName":"android","androidInstallTimeout":0,"app":"/Users/sedmad1/Documents/WS/AppiumPOC/src/test/resources/apps/android/JTV_Go-ProdRelease-v2.4.0.apk","appActivity":"com.jtv.activity.SplashActivity","appPackage":"com.jtv.staging","appWaitDuration":0,"autoGrantPermissions":false,"automationName":"Appium","clearSystemFiles":true,"deviceName":"98892a383146365553","eventTimings":false,"fullReset":true,"newCommandTimeout":120000,"noReset":false},"platformName":"android","androidInstallTimeout":0,"app":"/Users/sedmad1/Documents/WS/AppiumPOC/src/test/resources/apps/android/JTV_Go-ProdRelease-v2.4.0.apk","appActivity":"com.jtv.activity.SplashActivity","appPackage":"com.jtv.staging","appWaitDuration":0,"autoGrantPermissions":false,"automationName":"Appium","clearSystemFiles":true,"deviceNa...
2019-10-15 10:20:17:108 - &amp#27;[35m[HTTP]&amp#27;[39m &amp#27;[37m<-- POST /wd/hub/session &amp#27;[39m&amp#27;[32m200&amp#27;[39m &amp#27;[90m28233 ms - 1475&amp#27;[39m
2019-10-15 10:20:17:108 - &amp#27;[35m[HTTP]&amp#27;[39m &amp#27;[90m&amp#27;[39m
2019-10-15 10:20:17:134 - &amp#27;[35m[HTTP]&amp#27;[39m &amp#27;[37m-->&amp#27;[39m &amp#27;[37mGET&amp#27;[39m &amp#27;[37m/wd/hub/session/9949800b-43dc-4329-a1d8-77c6520e808a&amp#27;[39m
2019-10-15 10:20:17:134 - &amp#27;[35m[HTTP]&amp#27;[39m &amp#27;[90m{}&amp#27;[39m
2019-10-15 10:20:17:135 - [debug] &amp#27;[35m[W3C (9949800b)]&amp#27;[39m Calling AppiumDriver.getSession() with args: ["9949800b-43dc-4329-a1d8-77c6520e808a"]
2019-10-15 10:20:17:171 - [debug] &amp#27;[35m[UiAutomator2]&amp#27;[39m Getting session details from server to mix in
2019-10-15 10:20:17:172 - [debug] &amp#27;[35m[WD Proxy]&amp#27;[39m Matched '/' to command name 'getSession'
2019-10-15 10:20:17:172 - [debug] &amp#27;[35m[WD Proxy]&amp#27;[39m Proxying [GET /] to [GET http://localhost:8200/wd/hub/session/9ef18bef-0001-4232-83f0-2f217e03cbf0] with body: {}
2019-10-15 10:20:17:206 - [debug] &amp#27;[35m[WD Proxy]&amp#27;[39m Got response with status 200: "{\"sessionId\":\"9ef18bef-0001-4232-83f0-2f217e03cbf0\",\"status\":0,\"value\":{}}"
2019-10-15 10:20:17:207 - [debug] &amp#27;[35m[W3C (9949800b)]&amp#27;[39m Responding to client with driver.getSession() result: {"platform":"LINUX","webStorageEnabled":false,"takesScreenshot":true,"javascriptEnabled":true,"databaseEnabled":false,"networkConnectionEnabled":true,"locationContextEnabled":false,"warnings":{},"desired":{"platformName":"android","androidInstallTimeout":0,"app":"/Users/sedmad1/Documents/WS/AppiumPOC/src/test/resources/apps/android/JTV_Go-ProdRelease-v2.4.0.apk","appActivity":"com.jtv.activity.SplashActivity","appPackage":"com.jtv.staging","appWaitDuration":0,"autoGrantPermissions":false,"automationName":"Appium","clearSystemFiles":true,"deviceName":"98892a383146365553","eventTimings":false,"fullReset":true,"newCommandTimeout":120000,"noReset":false},"platformName":"android","androidInstallTimeout":0,"app":"/Users/sedmad1/Documents/WS/AppiumPOC/src/test/resources/apps/android/JTV_Go-ProdRelease-v2.4.0.apk","appActivity":"com.jtv.activity.SplashActivity","appPackage":"com.jtv.staging","appWaitDuration":0,"autoGrantPermissions":false,"automationName":"Appium","clearSystemFiles":true,"deviceName":"98892a38314...
2019-10-15 10:20:17:209 - &amp#27;[35m[HTTP]&amp#27;[39m &amp#27;[37m<-- GET /wd/hub/session/9949800b-43dc-4329-a1d8-77c6520e808a &amp#27;[39m&amp#27;[32m200&amp#27;[39m &amp#27;[90m74 ms - 1407&amp#27;[39m
2019-10-15 10:20:17:209 - &amp#27;[35m[HTTP]&amp#27;[39m &amp#27;[90m&amp#27;[39m
2019-10-15 10:20:17:214 - &amp#27;[35m[HTTP]&amp#27;[39m &amp#27;[37m-->&amp#27;[39m &amp#27;[37mGET&amp#27;[39m &amp#27;[37m/wd/hub/session/9949800b-43dc-4329-a1d8-77c6520e808a&amp#27;[39m
2019-10-15 10:20:17:214 - &amp#27;[35m[HTTP]&amp#27;[39m &amp#27;[90m{}&amp#27;[39m
2019-10-15 10:20:17:215 - [debug] &amp#27;[35m[W3C (9949800b)]&amp#27;[39m Calling AppiumDriver.getSession() with args: ["9949800b-43dc-4329-a1d8-77c6520e808a"]
2019-10-15 10:20:17:217 - [debug] &amp#27;[35m[UiAutomator2]&amp#27;[39m Getting session details from server to mix in
2019-10-15 10:20:17:217 - [debug] &amp#27;[35m[WD Proxy]&amp#27;[39m Matched '/' to command name 'getSession'
2019-10-15 10:20:17:218 - [debug] &amp#27;[35m[WD Proxy]&amp#27;[39m Proxying [GET /] to [GET http://localhost:8200/wd/hub/session/9ef18bef-0001-4232-83f0-2f217e03cbf0] with body: {}
2019-10-15 10:20:17:252 - [debug] &amp#27;[35m[WD Proxy]&amp#27;[39m Got response with status 200: "{\"sessionId\":\"9ef18bef-0001-4232-83f0-2f217e03cbf0\",\"status\":0,\"value\":{}}"
2019-10-15 10:20:17:253 - [debug] &amp#27;[35m[W3C (9949800b)]&amp#27;[39m Responding to client with driver.getSession() result: {"platform":"LINUX","webStorageEnabled":false,"takesScreenshot":true,"javascriptEnabled":true,"databaseEnabled":false,"networkConnectionEnabled":true,"locationContextEnabled":false,"warnings":{},"desired":{"platformName":"android","androidInstallTimeout":0,"app":"/Users/sedmad1/Documents/WS/AppiumPOC/src/test/resources/apps/android/JTV_Go-ProdRelease-v2.4.0.apk","appActivity":"com.jtv.activity.SplashActivity","appPackage":"com.jtv.staging","appWaitDuration":0,"autoGrantPermissions":false,"automationName":"Appium","clearSystemFiles":true,"deviceName":"98892a383146365553","eventTimings":false,"fullReset":true,"newCommandTimeout":120000,"noReset":false},"platformName":"android","androidInstallTimeout":0,"app":"/Users/sedmad1/Documents/WS/AppiumPOC/src/test/resources/apps/android/JTV_Go-ProdRelease-v2.4.0.apk","appActivity":"com.jtv.activity.SplashActivity","appPackage":"com.jtv.staging","appWaitDuration":0,"autoGrantPermissions":false,"automationName":"Appium","clearSystemFiles":true,"deviceName":"98892a38314...
2019-10-15 10:20:17:254 - &amp#27;[35m[HTTP]&amp#27;[39m &amp#27;[37m<-- GET /wd/hub/session/9949800b-43dc-4329-a1d8-77c6520e808a &amp#27;[39m&amp#27;[32m200&amp#27;[39m &amp#27;[90m40 ms - 1407&amp#27;[39m
2019-10-15 10:20:17:254 - &amp#27;[35m[HTTP]&amp#27;[39m &amp#27;[90m&amp#27;[39m
2019-10-15 10:20:17:261 - &amp#27;[35m[HTTP]&amp#27;[39m &amp#27;[37m-->&amp#27;[39m &amp#27;[37mPOST&amp#27;[39m &amp#27;[37m/wd/hub/session/9949800b-43dc-4329-a1d8-77c6520e808a/timeouts&amp#27;[39m
2019-10-15 10:20:17:261 - &amp#27;[35m[HTTP]&amp#27;[39m &amp#27;[90m{"implicit":30000}&amp#27;[39m
2019-10-15 10:20:17:263 - [debug] &amp#27;[35m[W3C (9949800b)]&amp#27;[39m Calling AppiumDriver.timeouts() with args: [null,null,null,null,30000,"9949800b-43dc-4329-a1d8-77c6520e808a"]
2019-10-15 10:20:17:264 - [debug] &amp#27;[35m[BaseDriver]&amp#27;[39m W3C timeout argument: {"implicit":30000}}
2019-10-15 10:20:17:264 - [debug] &amp#27;[35m[BaseDriver]&amp#27;[39m Set implicit wait to 30000ms
2019-10-15 10:20:17:265 - [debug] &amp#27;[35m[W3C (9949800b)]&amp#27;[39m Responding to client with driver.timeouts() result: null
2019-10-15 10:20:17:265 - &amp#27;[35m[HTTP]&amp#27;[39m &amp#27;[37m<-- POST /wd/hub/session/9949800b-43dc-4329-a1d8-77c6520e808a/timeouts &amp#27;[39m&amp#27;[32m200&amp#27;[39m &amp#27;[90m4 ms - 14&amp#27;[39m
2019-10-15 10:20:17:265 - &amp#27;[35m[HTTP]&amp#27;[39m &amp#27;[90m&amp#27;[39m
2019-10-15 10:20:17:293 - &amp#27;[35m[HTTP]&amp#27;[39m &amp#27;[37m-->&amp#27;[39m &amp#27;[37mGET&amp#27;[39m &amp#27;[37m/wd/hub/status&amp#27;[39m
2019-10-15 10:20:17:293 - &amp#27;[35m[HTTP]&amp#27;[39m &amp#27;[90m{}&amp#27;[39m
2019-10-15 10:20:17:293 - [debug] &amp#27;[35m[GENERIC]&amp#27;[39m Calling AppiumDriver.getStatus() with args: []
2019-10-15 10:20:17:294 - [debug] &amp#27;[35m[GENERIC]&amp#27;[39m Responding to client with driver.getStatus() result: {"build":{"version":"1.14.1"}}
2019-10-15 10:20:17:294 - &amp#27;[35m[HTTP]&amp#27;[39m &amp#27;[37m<-- GET /wd/hub/status &amp#27;[39m&amp#27;[32m200&amp#27;[39m &amp#27;[90m1 ms - 68&amp#27;[39m
2019-10-15 10:20:17:294 - &amp#27;[35m[HTTP]&amp#27;[39m &amp#27;[90m&amp#27;[39m
2019-10-15 10:20:17:300 - &amp#27;[35m[HTTP]&amp#27;[39m &amp#27;[37m-->&amp#27;[39m &amp#27;[37mPOST&amp#27;[39m &amp#27;[37m/wd/hub/session/9949800b-43dc-4329-a1d8-77c6520e808a/elements&amp#27;[39m
2019-10-15 10:20:17:300 - &amp#27;[35m[HTTP]&amp#27;[39m &amp#27;[90m{"using":"id","value":"android:id/content"}&amp#27;[39m
2019-10-15 10:20:17:302 - [debug] &amp#27;[35m[W3C (9949800b)]&amp#27;[39m Calling AppiumDriver.findElements() with args: ["id","android:id/content","9949800b-43dc-4329-a1d8-77c6520e808a"]
2019-10-15 10:20:17:303 - [debug] &amp#27;[35m[BaseDriver]&amp#27;[39m Valid locator strategies for this request: xpath, id, class name, accessibility id, -android uiautomator
2019-10-15 10:20:17:303 - [debug] &amp#27;[35m[BaseDriver]&amp#27;[39m Waiting up to 30000 ms for condition
2019-10-15 10:20:17:304 - [debug] &amp#27;[35m[WD Proxy]&amp#27;[39m Matched '/elements' to command name 'findElements'
2019-10-15 10:20:17:304 - [debug] &amp#27;[35m[WD Proxy]&amp#27;[39m Proxying [POST /elements] to [POST http://localhost:8200/wd/hub/session/9ef18bef-0001-4232-83f0-2f217e03cbf0/elements] with body: {"strategy":"id","selector":"android:id/content","context":"","multiple":true}
2019-10-15 10:20:17:966 - [debug] &amp#27;[35m[WD Proxy]&amp#27;[39m Got response with status 200: {"sessionId":"9ef18bef-0001-4232-83f0-2f217e03cbf0","status":0,"value":[{"ELEMENT":"c1be5956-bf2e-4064-9395-c6c795c62c29"}]}
2019-10-15 10:20:17:967 - [debug] &amp#27;[35m[W3C (9949800b)]&amp#27;[39m Responding to client with driver.findElements() result: [{"element-6066-11e4-a52e-4f735466cecf":"c1be5956-bf2e-4064-9395-c6c795c62c29","ELEMENT":"c1be5956-bf2e-4064-9395-c6c795c62c29"}]
2019-10-15 10:20:17:968 - &amp#27;[35m[HTTP]&amp#27;[39m &amp#27;[37m<-- POST /wd/hub/session/9949800b-43dc-4329-a1d8-77c6520e808a/elements &amp#27;[39m&amp#27;[32m200&amp#27;[39m &amp#27;[90m668 ms - 139&amp#27;[39m
2019-10-15 10:20:17:968 - &amp#27;[35m[HTTP]&amp#27;[39m &amp#27;[90m&amp#27;[39m
2019-10-15 10:20:17:976 - &amp#27;[35m[HTTP]&amp#27;[39m &amp#27;[37m-->&amp#27;[39m &amp#27;[37mGET&amp#27;[39m &amp#27;[37m/wd/hub/session/9949800b-43dc-4329-a1d8-77c6520e808a/element/c1be5956-bf2e-4064-9395-c6c795c62c29/displayed&amp#27;[39m
2019-10-15 10:20:17:976 - &amp#27;[35m[HTTP]&amp#27;[39m &amp#27;[90m{}&amp#27;[39m
2019-10-15 10:20:17:978 - [debug] &amp#27;[35m[W3C (9949800b)]&amp#27;[39m Calling AppiumDriver.elementDisplayed() with args: ["c1be5956-bf2e-4064-9395-c6c795c62c29","9949800b-43dc-4329-a1d8-77c6520e808a"]
2019-10-15 10:20:17:979 - [debug] &amp#27;[35m[WD Proxy]&amp#27;[39m Matched '/element/c1be5956-bf2e-4064-9395-c6c795c62c29/attribute/displayed' to command name 'getAttribute'
2019-10-15 10:20:17:980 - [debug] &amp#27;[35m[WD Proxy]&amp#27;[39m Proxying [GET /element/c1be5956-bf2e-4064-9395-c6c795c62c29/attribute/displayed] to [GET http://localhost:8200/wd/hub/session/9ef18bef-0001-4232-83f0-2f217e03cbf0/element/c1be5956-bf2e-4064-9395-c6c795c62c29/attribute/displayed] with body: {}
2019-10-15 10:20:18:019 - [debug] &amp#27;[35m[WD Proxy]&amp#27;[39m Got response with status 200: "{\"sessionId\":\"9ef18bef-0001-4232-83f0-2f217e03cbf0\",\"status\":0,\"value\":\"true\"}"
2019-10-15 10:20:18:020 - [debug] &amp#27;[35m[W3C (9949800b)]&amp#27;[39m Responding to client with driver.elementDisplayed() result: true
2019-10-15 10:20:18:021 - &amp#27;[35m[HTTP]&amp#27;[39m &amp#27;[37m<-- GET /wd/hub/session/9949800b-43dc-4329-a1d8-77c6520e808a/element/c1be5956-bf2e-4064-9395-c6c795c62c29/displayed &amp#27;[39m&amp#27;[32m200&amp#27;[39m &amp#27;[90m45 ms - 14&amp#27;[39m
2019-10-15 10:20:18:021 - &amp#27;[35m[HTTP]&amp#27;[39m &amp#27;[90m&amp#27;[39m
2019-10-15 10:20:18:025 - &amp#27;[35m[HTTP]&amp#27;[39m &amp#27;[37m-->&amp#27;[39m &amp#27;[37mPOST&amp#27;[39m &amp#27;[37m/wd/hub/session/9949800b-43dc-4329-a1d8-77c6520e808a/elements&amp#27;[39m
2019-10-15 10:20:18:025 - &amp#27;[35m[HTTP]&amp#27;[39m &amp#27;[90m{"using":"id","value":"android:id/content"}&amp#27;[39m
2019-10-15 10:20:18:028 - [debug] &amp#27;[35m[W3C (9949800b)]&amp#27;[39m Calling AppiumDriver.findElements() with args: ["id","android:id/content","9949800b-43dc-4329-a1d8-77c6520e808a"]
2019-10-15 10:20:18:030 - [debug] &amp#27;[35m[BaseDriver]&amp#27;[39m Valid locator strategies for this request: xpath, id, class name, accessibility id, -android uiautomator
2019-10-15 10:20:18:030 - [debug] &amp#27;[35m[BaseDriver]&amp#27;[39m Waiting up to 30000 ms for condition
2019-10-15 10:20:18:031 - [debug] &amp#27;[35m[WD Proxy]&amp#27;[39m Matched '/elements' to command name 'findElements'
2019-10-15 10:20:18:031 - [debug] &amp#27;[35m[WD Proxy]&amp#27;[39m Proxying [POST /elements] to [POST http://localhost:8200/wd/hub/session/9ef18bef-0001-4232-83f0-2f217e03cbf0/elements] with body: {"strategy":"id","selector":"android:id/content","context":"","multiple":true}
2019-10-15 10:20:18:079 - [debug] &amp#27;[35m[WD Proxy]&amp#27;[39m Got response with status 200: {"sessionId":"9ef18bef-0001-4232-83f0-2f217e03cbf0","status":0,"value":[{"ELEMENT":"c1279c4d-eafb-4688-b7f3-a8375ee12d7d"}]}
2019-10-15 10:20:18:080 - [debug] &amp#27;[35m[W3C (9949800b)]&amp#27;[39m Responding to client with driver.findElements() result: [{"element-6066-11e4-a52e-4f735466cecf":"c1279c4d-eafb-4688-b7f3-a8375ee12d7d","ELEMENT":"c1279c4d-eafb-4688-b7f3-a8375ee12d7d"}]
2019-10-15 10:20:18:080 - &amp#27;[35m[HTTP]&amp#27;[39m &amp#27;[37m<-- POST /wd/hub/session/9949800b-43dc-4329-a1d8-77c6520e808a/elements &amp#27;[39m&amp#27;[32m200&amp#27;[39m &amp#27;[90m55 ms - 139&amp#27;[39m
2019-10-15 10:20:18:080 - &amp#27;[35m[HTTP]&amp#27;[39m &amp#27;[90m&amp#27;[39m
2019-10-15 10:20:18:082 - &amp#27;[35m[HTTP]&amp#27;[39m &amp#27;[37m-->&amp#27;[39m &amp#27;[37mGET&amp#27;[39m &amp#27;[37m/wd/hub/session/9949800b-43dc-4329-a1d8-77c6520e808a/element/c1279c4d-eafb-4688-b7f3-a8375ee12d7d/displayed&amp#27;[39m
2019-10-15 10:20:18:083 - &amp#27;[35m[HTTP]&amp#27;[39m &amp#27;[90m{}&amp#27;[39m
2019-10-15 10:20:18:083 - [debug] &amp#27;[35m[W3C (9949800b)]&amp#27;[39m Calling AppiumDriver.elementDisplayed() with args: ["c1279c4d-eafb-4688-b7f3-a8375ee12d7d","9949800b-43dc-4329-a1d8-77c6520e808a"]
2019-10-15 10:20:18:085 - [debug] &amp#27;[35m[WD Proxy]&amp#27;[39m Matched '/element/c1279c4d-eafb-4688-b7f3-a8375ee12d7d/attribute/displayed' to command name 'getAttribute'
2019-10-15 10:20:18:085 - [debug] &amp#27;[35m[WD Proxy]&amp#27;[39m Proxying [GET /element/c1279c4d-eafb-4688-b7f3-a8375ee12d7d/attribute/displayed] to [GET http://localhost:8200/wd/hub/session/9ef18bef-0001-4232-83f0-2f217e03cbf0/element/c1279c4d-eafb-4688-b7f3-a8375ee12d7d/attribute/displayed] with body: {}
2019-10-15 10:20:18:130 - [debug] &amp#27;[35m[WD Proxy]&amp#27;[39m Got response with status 200: "{\"sessionId\":\"9ef18bef-0001-4232-83f0-2f217e03cbf0\",\"status\":0,\"value\":\"true\"}"
2019-10-15 10:20:18:131 - [debug] &amp#27;[35m[W3C (9949800b)]&amp#27;[39m Responding to client with driver.elementDisplayed() result: true
2019-10-15 10:20:18:131 - &amp#27;[35m[HTTP]&amp#27;[39m &amp#27;[37m<-- GET /wd/hub/session/9949800b-43dc-4329-a1d8-77c6520e808a/element/c1279c4d-eafb-4688-b7f3-a8375ee12d7d/displayed &amp#27;[39m&amp#27;[32m200&amp#27;[39m &amp#27;[90m49 ms - 14&amp#27;[39m
2019-10-15 10:20:18:132 - &amp#27;[35m[HTTP]&amp#27;[39m &amp#27;[90m&amp#27;[39m
2019-10-15 10:20:18:134 - &amp#27;[35m[HTTP]&amp#27;[39m &amp#27;[37m-->&amp#27;[39m &amp#27;[37mGET&amp#27;[39m &amp#27;[37m/wd/hub/session/9949800b-43dc-4329-a1d8-77c6520e808a/element/c1279c4d-eafb-4688-b7f3-a8375ee12d7d/enabled&amp#27;[39m
2019-10-15 10:20:18:134 - &amp#27;[35m[HTTP]&amp#27;[39m &amp#27;[90m{}&amp#27;[39m
2019-10-15 10:20:18:134 - [debug] &amp#27;[35m[W3C (9949800b)]&amp#27;[39m Calling AppiumDriver.elementEnabled() with args: ["c1279c4d-eafb-4688-b7f3-a8375ee12d7d","9949800b-43dc-4329-a1d8-77c6520e808a"]
2019-10-15 10:20:18:136 - [debug] &amp#27;[35m[WD Proxy]&amp#27;[39m Matched '/element/c1279c4d-eafb-4688-b7f3-a8375ee12d7d/attribute/enabled' to command name 'getAttribute'
2019-10-15 10:20:18:136 - [debug] &amp#27;[35m[WD Proxy]&amp#27;[39m Proxying [GET /element/c1279c4d-eafb-4688-b7f3-a8375ee12d7d/attribute/enabled] to [GET http://localhost:8200/wd/hub/session/9ef18bef-0001-4232-83f0-2f217e03cbf0/element/c1279c4d-eafb-4688-b7f3-a8375ee12d7d/attribute/enabled] with body: {}
2019-10-15 10:20:18:186 - [debug] &amp#27;[35m[WD Proxy]&amp#27;[39m Got response with status 200: "{\"sessionId\":\"9ef18bef-0001-4232-83f0-2f217e03cbf0\",\"status\":0,\"value\":\"true\"}"
2019-10-15 10:20:18:187 - [debug] &amp#27;[35m[W3C (9949800b)]&amp#27;[39m Responding to client with driver.elementEnabled() result: true
2019-10-15 10:20:18:188 - &amp#27;[35m[HTTP]&amp#27;[39m &amp#27;[37m<-- GET /wd/hub/session/9949800b-43dc-4329-a1d8-77c6520e808a/element/c1279c4d-eafb-4688-b7f3-a8375ee12d7d/enabled &amp#27;[39m&amp#27;[32m200&amp#27;[39m &amp#27;[90m54 ms - 14&amp#27;[39m
2019-10-15 10:20:18:188 - &amp#27;[35m[HTTP]&amp#27;[39m &amp#27;[90m&amp#27;[39m
[10:20:18.190] [INFO ] - Clicking on element [Main]... (DeviceElementActions:321) 
2019-10-15 10:20:18:195 - &amp#27;[35m[HTTP]&amp#27;[39m &amp#27;[37m-->&amp#27;[39m &amp#27;[37mPOST&amp#27;[39m &amp#27;[37m/wd/hub/session/9949800b-43dc-4329-a1d8-77c6520e808a/element/c1279c4d-eafb-4688-b7f3-a8375ee12d7d/click&amp#27;[39m
2019-10-15 10:20:18:195 - &amp#27;[35m[HTTP]&amp#27;[39m &amp#27;[90m{"id":"c1279c4d-eafb-4688-b7f3-a8375ee12d7d"}&amp#27;[39m
2019-10-15 10:20:18:196 - [debug] &amp#27;[35m[W3C (9949800b)]&amp#27;[39m Calling AppiumDriver.click() with args: ["c1279c4d-eafb-4688-b7f3-a8375ee12d7d","9949800b-43dc-4329-a1d8-77c6520e808a"]
2019-10-15 10:20:18:197 - [debug] &amp#27;[35m[WD Proxy]&amp#27;[39m Matched '/element/c1279c4d-eafb-4688-b7f3-a8375ee12d7d/click' to command name 'click'
2019-10-15 10:20:18:197 - [debug] &amp#27;[35m[WD Proxy]&amp#27;[39m Proxying [POST /element/c1279c4d-eafb-4688-b7f3-a8375ee12d7d/click] to [POST http://localhost:8200/wd/hub/session/9ef18bef-0001-4232-83f0-2f217e03cbf0/element/c1279c4d-eafb-4688-b7f3-a8375ee12d7d/click] with body: {"element":"c1279c4d-eafb-4688-b7f3-a8375ee12d7d"}
2019-10-15 10:20:18:260 - [debug] &amp#27;[35m[WD Proxy]&amp#27;[39m Got response with status 200: {"sessionId":"9ef18bef-0001-4232-83f0-2f217e03cbf0","status":0,"value":true}
2019-10-15 10:20:18:261 - [debug] &amp#27;[35m[W3C (9949800b)]&amp#27;[39m Responding to client with driver.click() result: true
2019-10-15 10:20:18:261 - &amp#27;[35m[HTTP]&amp#27;[39m &amp#27;[37m<-- POST /wd/hub/session/9949800b-43dc-4329-a1d8-77c6520e808a/element/c1279c4d-eafb-4688-b7f3-a8375ee12d7d/click &amp#27;[39m&amp#27;[32m200&amp#27;[39m &amp#27;[90m66 ms - 14&amp#27;[39m
2019-10-15 10:20:18:262 - &amp#27;[35m[HTTP]&amp#27;[39m &amp#27;[90m&amp#27;[39m
[10:20:18.265] [ERROR] - com.github.wasiqb.coteafs.appium.error.DeviceElementNameNotFoundError: DeviceElement with name [GetStarted] not found. (ErrorUtils:66) 
[10:20:18.266] [ERROR] - 	at sun.reflect.NativeConstructorAccessorImpl.newInstance0(Native Method) (ErrorUtils:69) 
[10:20:18.266] [ERROR] - 	at sun.reflect.NativeConstructorAccessorImpl.newInstance(NativeConstructorAccessorImpl.java:62) (ErrorUtils:69) 
[10:20:18.266] [ERROR] - 	at sun.reflect.DelegatingConstructorAccessorImpl.newInstance(DelegatingConstructorAccessorImpl.java:45) (ErrorUtils:69) 
[10:20:18.267] [ERROR] - 	at java.lang.reflect.Constructor.newInstance(Constructor.java:423) (ErrorUtils:69) 
[10:20:18.267] [ERROR] - 	at com.github.wasiqb.coteafs.error.util.ErrorUtil.fail(ErrorUtil.java:102) (ErrorUtils:69) 
[10:20:18.267] [ERROR] - 	at com.github.wasiqb.coteafs.error.util.ErrorUtil.fail(ErrorUtil.java:70) (ErrorUtils:69) 
[10:20:18.267] [ERROR] - 	at com.github.wasiqb.coteafs.appium.utils.ErrorUtils.fail(ErrorUtils.java:53) (ErrorUtils:69) 
[10:20:18.268] [ERROR] - 	at com.github.wasiqb.coteafs.appium.utils.ErrorUtils.fail(ErrorUtils.java:40) (ErrorUtils:69) 
[10:20:18.268] [ERROR] - 	at com.github.wasiqb.coteafs.appium.device.DeviceActivity.getDeviceElement(DeviceActivity.java:211) (ErrorUtils:69) 
[10:20:18.268] [ERROR] - 	at com.github.wasiqb.coteafs.appium.device.DeviceActivity.getElement(DeviceActivity.java:99) (ErrorUtils:69) 
[10:20:18.269] [ERROR] - 	at com.github.wasiqb.coteafs.appium.android.AndroidActivity.onElement(AndroidActivity.java:68) (ErrorUtils:69) 
[10:20:18.269] [ERROR] - 	at com.jtv.tests.getStartedTest.testGetStarted(getStartedTest.java:33) (ErrorUtils:69) 
[10:20:18.269] [ERROR] - 	at sun.reflect.NativeMethodAccessorImpl.invoke0(Native Method) (ErrorUtils:69) 
[10:20:18.269] [ERROR] - 	at sun.reflect.NativeMethodAccessorImpl.invoke(NativeMethodAccessorImpl.java:62) (ErrorUtils:69) 
[10:20:18.270] [ERROR] - 	at sun.reflect.DelegatingMethodAccessorImpl.invoke(DelegatingMethodAccessorImpl.java:43) (ErrorUtils:69) 
[10:20:18.270] [ERROR] - 	at java.lang.reflect.Method.invoke(Method.java:498) (ErrorUtils:69) 
[10:20:18.270] [ERROR] - 	at org.testng.internal.MethodInvocationHelper.invokeMethod(MethodInvocationHelper.java:108) (ErrorUtils:69) 
[10:20:18.270] [ERROR] - 	at org.testng.internal.Invoker.invokeMethod(Invoker.java:661) (ErrorUtils:69) 
[10:20:18.271] [ERROR] - 	at org.testng.internal.Invoker.invokeTestMethod(Invoker.java:869) (ErrorUtils:69) 
[10:20:18.271] [ERROR] - 	at org.testng.internal.Invoker.invokeTestMethods(Invoker.java:1193) (ErrorUtils:69) 
[10:20:18.271] [ERROR] - 	at org.testng.internal.TestMethodWorker.invokeTestMethods(TestMethodWorker.java:126) (ErrorUtils:69) 
[10:20:18.272] [ERROR] - 	at org.testng.internal.TestMethodWorker.run(TestMethodWorker.java:109) (ErrorUtils:69) 
[10:20:18.272] [ERROR] - 	at org.testng.TestRunner.privateRun(TestRunner.java:744) (ErrorUtils:69) 
[10:20:18.272] [ERROR] - 	at org.testng.TestRunner.run(TestRunner.java:602) (ErrorUtils:69) 
[10:20:18.272] [ERROR] - 	at org.testng.SuiteRunner.runTest(SuiteRunner.java:380) (ErrorUtils:69) 
[10:20:18.273] [ERROR] - 	at org.testng.SuiteRunner.runSequentially(SuiteRunner.java:375) (ErrorUtils:69) 
[10:20:18.273] [ERROR] - 	at org.testng.SuiteRunner.privateRun(SuiteRunner.java:340) (ErrorUtils:69) 
[10:20:18.273] [ERROR] - 	at org.testng.SuiteRunner.run(SuiteRunner.java:289) (ErrorUtils:69) 
[10:20:18.273] [ERROR] - 	at org.testng.SuiteRunnerWorker.runSuite(SuiteRunnerWorker.java:52) (ErrorUtils:69) 
[10:20:18.274] [ERROR] - 	at org.testng.SuiteRunnerWorker.run(SuiteRunnerWorker.java:86) (ErrorUtils:69) 
[10:20:18.274] [ERROR] - 	at org.testng.TestNG.runSuitesSequentially(TestNG.java:1301) (ErrorUtils:69) 
[10:20:18.274] [ERROR] - 	at org.testng.TestNG.runSuitesLocally(TestNG.java:1226) (ErrorUtils:69) 
[10:20:18.274] [ERROR] - 	at org.testng.TestNG.runSuites(TestNG.java:1144) (ErrorUtils:69) 
[10:20:18.275] [ERROR] - 	at org.testng.TestNG.run(TestNG.java:1115) (ErrorUtils:69) 
[10:20:18.275] [ERROR] - 	at org.apache.maven.surefire.testng.TestNGExecutor.run(TestNGExecutor.java:178) (ErrorUtils:69) 
[10:20:18.275] [ERROR] - 	at org.apache.maven.surefire.testng.TestNGXmlTestSuite.execute(TestNGXmlTestSuite.java:92) (ErrorUtils:69) 
[10:20:18.275] [ERROR] - 	at org.apache.maven.surefire.testng.TestNGProvider.invoke(TestNGProvider.java:96) (ErrorUtils:69) 
[10:20:18.276] [ERROR] - 	at sun.reflect.NativeMethodAccessorImpl.invoke0(Native Method) (ErrorUtils:69) 
[10:20:18.276] [ERROR] - 	at sun.reflect.NativeMethodAccessorImpl.invoke(NativeMethodAccessorImpl.java:62) (ErrorUtils:69) 
[10:20:18.276] [ERROR] - 	at sun.reflect.DelegatingMethodAccessorImpl.invoke(DelegatingMethodAccessorImpl.java:43) (ErrorUtils:69) 
[10:20:18.276] [ERROR] - 	at java.lang.reflect.Method.invoke(Method.java:498) (ErrorUtils:69) 
[10:20:18.277] [ERROR] - 	at org.apache.maven.surefire.util.ReflectionUtils.invokeMethodWithArray2(ReflectionUtils.java:208) (ErrorUtils:69) 
[10:20:18.277] [ERROR] - 	at org.apache.maven.surefire.booter.ProviderFactory$ProviderProxy.invoke(ProviderFactory.java:159) (ErrorUtils:69) 
[10:20:18.277] [ERROR] - 	at org.apache.maven.surefire.booter.ProviderFactory.invokeProvider(ProviderFactory.java:87) (ErrorUtils:69) 
[10:20:18.277] [ERROR] - 	at org.apache.maven.surefire.booter.ForkedBooter.runSuitesInProcess(ForkedBooter.java:153) (ErrorUtils:69) 
[10:20:18.278] [ERROR] - 	at org.apache.maven.surefire.booter.ForkedBooter.main(ForkedBooter.java:95) (ErrorUtils:69) 
]]></system-out>
    <system-err>SLF4J: Failed to load class "org.slf4j.impl.StaticLoggerBinder".
SLF4J: Defaulting to no-operation (NOP) logger implementation
SLF4J: See http://www.slf4j.org/codes.html#StaticLoggerBinder for further details.
Oct 15, 2019 10:20:17 AM io.appium.java_client.remote.AppiumCommandExecutor$1 lambda$0
INFO: Detected dialect: W3C
</system-err>
  </testcase>
</testsuite>