<?xml version="1.0" encoding="UTF-8"?>
<!-- Generated by org.testng.reporters.JUnitXMLReporter -->
<testsuite hostname="l4024.jewelry.acn" ignored="0" name="Android Test" tests="1" failures="1" timestamp="15 Oct 2019 14:20:23 GMT" time="36.065" errors="0">
  <testcase name="testGetStarted" time="0.991" classname="com.jtv.tests.getStartedTest">
    <failure type="com.github.wasiqb.coteafs.appium.error.DeviceElementNameNotFoundError" message="DeviceElement with name [GetStarted] not found.">
      <![CDATA[com.github.wasiqb.coteafs.appium.error.DeviceElementNameNotFoundError: DeviceElement with name [GetStarted] not found.
	at com.github.wasiqb.coteafs.error.util.ErrorUtil.fail(ErrorUtil.java:102)
	at com.github.wasiqb.coteafs.error.util.ErrorUtil.fail(ErrorUtil.java:70)
	at com.github.wasiqb.coteafs.appium.utils.ErrorUtils.fail(ErrorUtils.java:53)
	at com.github.wasiqb.coteafs.appium.utils.ErrorUtils.fail(ErrorUtils.java:40)
	at com.github.wasiqb.coteafs.appium.device.DeviceActivity.getDeviceElement(DeviceActivity.java:211)
	at com.github.wasiqb.coteafs.appium.device.DeviceActivity.getElement(DeviceActivity.java:99)
	at com.github.wasiqb.coteafs.appium.android.AndroidActivity.onElement(AndroidActivity.java:68)
	at com.jtv.tests.getStartedTest.testGetStarted(getStartedTest.java:33)
... Removed 38 stack frames]]>
    </failure>
  </testcase> <!-- testGetStarted -->
</testsuite> <!-- Android Test -->
